<?xml version="1.0" encoding="UTF-8"?>
<!-- Generated by org.testng.reporters.JUnitXMLReporter -->
<testsuite ignored="1" hostname="Ideapad" failures="0" tests="2" name="smoketest" time="0.057" errors="0" timestamp="2023-04-02T23:27:24 IST">
  <testcase classname="tests.DemoTest" name="demo" time="0.009"/>
  <testcase classname="tests.DummyTest" name="dummy" time="0.004"/>
  <testcase classname="tests.DemoTest" name="demo2" time="0.0">
    <ignored/>
  </testcase> <!-- demo2 -->
</testsuite> <!-- smoketest -->
