<?xml version="1.0" encoding="UTF-8"?>
<testng-results ignored="1" total="3" passed="2" failed="0" skipped="0">
  <reporter-output>
  </reporter-output>
  <suite started-at="2023-04-02T23:27:24 IST" name="Suite" finished-at="2023-04-02T23:27:24 IST" duration-ms="57">
    <groups>
      <group name="smoke">
        <method signature="DemoTest.demo()[pri:0, instance:tests.DemoTest@355ce81c]" name="demo" class="tests.DemoTest"/>
        <method signature="DummyTest.dummy()[pri:0, instance:tests.DummyTest@72cde7cc]" name="dummy" class="tests.DummyTest"/>
      </group> <!-- smoke -->
    </groups>
    <test started-at="2023-04-02T23:27:24 IST" name="smoketest" finished-at="2023-04-02T23:27:24 IST" duration-ms="57">
      <class name="tests.DemoTest">
        <test-method signature="demo()[pri:0, instance:tests.DemoTest@355ce81c]" started-at="2023-04-02T23:27:24 IST" name="demo" finished-at="2023-04-02T23:27:24 IST" duration-ms="9" status="PASS">
          <reporter-output>
          </reporter-output>
        </test-method> <!-- demo -->
      </class> <!-- tests.DemoTest -->
      <class name="tests.DummyTest">
        <test-method signature="dummy()[pri:0, instance:tests.DummyTest@72cde7cc]" started-at="2023-04-02T23:27:24 IST" name="dummy" finished-at="2023-04-02T23:27:24 IST" duration-ms="4" status="PASS">
          <reporter-output>
          </reporter-output>
        </test-method> <!-- dummy -->
      </class> <!-- tests.DummyTest -->
    </test> <!-- smoketest -->
  </suite> <!-- Suite -->
</testng-results>
